<?xml version="1.0" encoding="UTF-8"?>
<!-- Generated by org.testng.reporters.JUnitXMLReporter -->
<testsuite ignored="0" hostname="INDMUMBLPTMP064" failures="2" tests="9" name="Surefire test" time="189.985" errors="0" timestamp="2023-01-24T16:16:43 IST">
  <testcase classname="browser.BrowserTest" name="browserOpenTest" time="18.018"/>
  <testcase classname="browser.BrowserTest" name="browserOpenTestNegativeFAIL" time="12.561">
    <failure type="java.lang.AssertionError" message="expected [true] but found [false]">
      <![CDATA[java.lang.AssertionError: expected [true] but found [false]
at browser.BrowserTest.browserOpenTestNegativeFAIL(BrowserTest.java:92)
at java.base/java.util.ArrayList.forEach(ArrayList.java:1541)
... Removed 36 stack frames]]>
    </failure>
  </testcase> <!-- browserOpenTestNegativeFAIL -->
  <testcase classname="testsPackage.clickTest" name="wifiSettings" time="13.915"/>
  <testcase classname="testsPackage.DragDropTest" name="testDragDrop" time="12.749"/>
  <testcase classname="testsPackage.LongPressTest" name="TestLongPress" time="15.515"/>
  <testcase classname="testsPackage.MiscellaneousTest" name="rotateCopyPasteDirectStartTest" time="18.41"/>
  <testcase classname="testsPackage.ScrollTest" name="scrollTest" time="18.938"/>
  <testcase classname="testsPackage.SwipeTest" name="testSwipe" time="4.222"/>
  <testcase classname="testsPackage.SwipeTest" name="testSwipeNegativeFAIL" time="4.024">
    <failure type="java.lang.AssertionError" message="expected [true] but found [false]">
      <![CDATA[java.lang.AssertionError: expected [true] but found [false]
at testsPackage.SwipeTest.testSwipeNegativeFAIL(SwipeTest.java:48)
at java.base/java.util.ArrayList.forEach(ArrayList.java:1541)
... Removed 38 stack frames]]>
    </failure>
  </testcase> <!-- testSwipeNegativeFAIL -->
</testsuite> <!-- Surefire test -->
