<?xml version="1.0" encoding="UTF-8"?>
<!-- Generated by org.testng.reporters.JUnitXMLReporter -->
<testsuite ignored="0" hostname="INDMUMBLPTMP064" failures="1" tests="2" name="Swipe Test" time="46.76" errors="0" timestamp="2023-01-24T14:56:20 IST">
  <testcase classname="testsPackage.SwipeTest" name="testSwipe" time="4.923"/>
  <testcase classname="testsPackage.SwipeTest" name="testSwipeNegativeFAIL" time="4.359">
    <failure type="java.lang.AssertionError" message="expected [true] but found [false]">
      <![CDATA[java.lang.AssertionError: expected [true] but found [false]
at testsPackage.SwipeTest.testSwipeNegativeFAIL(SwipeTest.java:48)
at java.base/java.util.ArrayList.forEach(ArrayList.java:1541)
... Removed 33 stack frames]]>
    </failure>
  </testcase> <!-- testSwipeNegativeFAIL -->
</testsuite> <!-- Swipe Test -->
