<?xml version="1.0" encoding="UTF-8"?>
<!-- Generated by org.testng.reporters.JUnitXMLReporter -->
<testsuite ignored="0" hostname="INDMUMBLPTMP064" failures="1" tests="2" name="Browser Test" time="89.624" errors="0" timestamp="2023-01-24T17:21:10 IST">
  <testcase classname="browser.BrowserTest" name="browserOpenTest" time="20.102"/>
  <testcase classname="browser.BrowserTest" name="browserOpenTestNegativeFAIL" time="13.727">
    <failure type="java.lang.AssertionError" message="expected [true] but found [false]">
      <![CDATA[java.lang.AssertionError: expected [true] but found [false]
at browser.BrowserTest.browserOpenTestNegativeFAIL(BrowserTest.java:92)
at java.base/java.util.ArrayList.forEach(ArrayList.java:1541)
... Removed 35 stack frames]]>
    </failure>
  </testcase> <!-- browserOpenTestNegativeFAIL -->
</testsuite> <!-- Browser Test -->
