<?xml version="1.0" encoding="UTF-8"?>
<testng-results ignored="0" total="2" passed="1" failed="1" skipped="0">
  <reporter-output>
  </reporter-output>
  <suite started-at="2023-01-24T17:19:39 IST" name="Suite" finished-at="2023-01-24T17:21:09 IST" duration-ms="89624">
    <groups>
    </groups>
    <test started-at="2023-01-24T17:19:39 IST" name="Browser Test" finished-at="2023-01-24T17:21:09 IST" duration-ms="89624">
      <class name="browser.BrowserTest">
        <test-method is-config="true" signature="preSetup()[pri:0, instance:browser.BrowserTest@39a2bb97]" started-at="2023-01-24T17:19:39 IST" name="preSetup" finished-at="2023-01-24T17:20:17 IST" duration-ms="37561" status="PASS">
          <reporter-output>
          </reporter-output>
        </test-method> <!-- preSetup -->
        <test-method signature="browserOpenTest()[pri:0, instance:browser.BrowserTest@39a2bb97]" started-at="2023-01-24T17:20:17 IST" name="browserOpenTest" finished-at="2023-01-24T17:20:37 IST" duration-ms="20102" status="PASS">
          <reporter-output>
          </reporter-output>
        </test-method> <!-- browserOpenTest -->
        <test-method is-config="true" signature="preSetup()[pri:0, instance:browser.BrowserTest@39a2bb97]" started-at="2023-01-24T17:20:37 IST" name="preSetup" finished-at="2023-01-24T17:20:52 IST" duration-ms="15037" status="PASS">
          <reporter-output>
          </reporter-output>
        </test-method> <!-- preSetup -->
        <test-method signature="browserOpenTestNegativeFAIL()[pri:0, instance:browser.BrowserTest@39a2bb97]" started-at="2023-01-24T17:20:52 IST" name="browserOpenTestNegativeFAIL" finished-at="2023-01-24T17:21:06 IST" duration-ms="13727" status="FAIL">
          <exception class="java.lang.AssertionError">
            <message>
              <![CDATA[expected [true] but found [false]]]>
            </message>
            <full-stacktrace>
              <![CDATA[java.lang.AssertionError: expected [true] but found [false]
at org.testng.Assert.fail(Assert.java:110)
at org.testng.Assert.failNotEquals(Assert.java:1577)
at org.testng.Assert.assertTrue(Assert.java:56)
at org.testng.Assert.assertTrue(Assert.java:66)
at browser.BrowserTest.browserOpenTestNegativeFAIL(BrowserTest.java:92)
at java.base/jdk.internal.reflect.NativeMethodAccessorImpl.invoke0(Native Method)
at java.base/jdk.internal.reflect.NativeMethodAccessorImpl.invoke(NativeMethodAccessorImpl.java:62)
at java.base/jdk.internal.reflect.DelegatingMethodAccessorImpl.invoke(DelegatingMethodAccessorImpl.java:43)
at java.base/java.lang.reflect.Method.invoke(Method.java:566)
at org.testng.internal.invokers.MethodInvocationHelper.invokeMethod(MethodInvocationHelper.java:139)
at org.testng.internal.invokers.TestInvoker.invokeMethod(TestInvoker.java:677)
at org.testng.internal.invokers.TestInvoker.invokeTestMethod(TestInvoker.java:221)
at org.testng.internal.invokers.MethodRunner.runInSequence(MethodRunner.java:50)
at org.testng.internal.invokers.TestInvoker$MethodInvocationAgent.invoke(TestInvoker.java:969)
at org.testng.internal.invokers.TestInvoker.invokeTestMethods(TestInvoker.java:194)
at org.testng.internal.invokers.TestMethodWorker.invokeTestMethods(TestMethodWorker.java:148)
at org.testng.internal.invokers.TestMethodWorker.run(TestMethodWorker.java:128)
at java.base/java.util.ArrayList.forEach(ArrayList.java:1541)
at org.testng.TestRunner.privateRun(TestRunner.java:829)
at org.testng.TestRunner.run(TestRunner.java:602)
at org.testng.SuiteRunner.runTest(SuiteRunner.java:437)
at org.testng.SuiteRunner.runSequentially(SuiteRunner.java:431)
at org.testng.SuiteRunner.privateRun(SuiteRunner.java:391)
at org.testng.SuiteRunner.run(SuiteRunner.java:330)
at org.testng.SuiteRunnerWorker.runSuite(SuiteRunnerWorker.java:52)
at org.testng.SuiteRunnerWorker.run(SuiteRunnerWorker.java:95)
at org.testng.TestNG.runSuitesSequentially(TestNG.java:1256)
at org.testng.TestNG.runSuitesLocally(TestNG.java:1176)
at org.testng.TestNG.runSuites(TestNG.java:1099)
at org.testng.TestNG.run(TestNG.java:1067)
at org.apache.maven.surefire.testng.TestNGExecutor.run(TestNGExecutor.java:324)
at org.apache.maven.surefire.testng.TestNGXmlTestSuite.execute(TestNGXmlTestSuite.java:74)
at org.apache.maven.surefire.testng.TestNGProvider.invoke(TestNGProvider.java:123)
at org.apache.maven.surefire.booter.ForkedBooter.runSuitesInProcess(ForkedBooter.java:456)
at org.apache.maven.surefire.booter.ForkedBooter.execute(ForkedBooter.java:169)
at org.apache.maven.surefire.booter.ForkedBooter.run(ForkedBooter.java:595)
at org.apache.maven.surefire.booter.ForkedBooter.main(ForkedBooter.java:581)
]]>
            </full-stacktrace>
          </exception> <!-- java.lang.AssertionError -->
          <reporter-output>
          </reporter-output>
        </test-method> <!-- browserOpenTestNegativeFAIL -->
        <test-method is-config="true" signature="tearDown()[pri:0, instance:browser.BrowserTest@39a2bb97]" started-at="2023-01-24T17:21:08 IST" name="tearDown" finished-at="2023-01-24T17:21:09 IST" duration-ms="741" status="PASS">
          <reporter-output>
          </reporter-output>
        </test-method> <!-- tearDown -->
      </class> <!-- browser.BrowserTest -->
    </test> <!-- Browser Test -->
  </suite> <!-- Suite -->
</testng-results>
