<?xml version="1.0" encoding="UTF-8"?>
<!-- Generated by org.testng.reporters.JUnitXMLReporter -->
<testsuite ignored="0" hostname="INDMUMBLPTMP064" failures="2" tests="2" name="Swipe Test" time="48.647" errors="0" timestamp="2023-01-25T11:19:16 IST">
  <testcase classname="testsPackage.SwipeTest" name="testSwipe" time="5.083">
    <failure type="org.openqa.selenium.NoSuchElementException" message="An element could not be located on the page using the given search parameters.
For documentation on this error, please visit: https://selenium.dev/exceptions/#no_such_element
Build info: version: &amp;apos;4.8.0&amp;apos;, revision: &amp;apos;267030adea&amp;apos;
System info: os.name: &amp;apos;Windows 10&amp;apos;, os.arch: &amp;apos;amd64&amp;apos;, os.version: &amp;apos;10.0&amp;apos;, java.version: &amp;apos;11.0.17&amp;apos;
Driver info: io.appium.java_client.android.AndroidDriver
Command: [ccf556b9-d408-4f82-a5bd-bfaed24932c6, findElement {using=accessibility id, value=Views}]
Capabilities {appium:app: C:\Users\rrajput\eclipse-wo..., appium:appPackage: io.appium.android.apis, appium:automationName: UIAutomator2, appium:chromedriverExecutable: C:\Users\rrajput\eclipse-wo..., appium:databaseEnabled: false, appium:desired: {app: C:\Users\rrajput\eclipse-wo..., automationName: UIAutomator2, chromedriverExecutable: C:\Users\rrajput\eclipse-wo..., deviceName: HUAWEI LLD-AL10, platformName: android}, appium:deviceApiLevel: 26, appium:deviceManufacturer: HUAWEI, appium:deviceModel: LLD-AL10, appium:deviceName: P8B4C18310011695, appium:deviceScreenDensity: 480, appium:deviceScreenSize: 1080x2160, appium:deviceUDID: P8B4C18310011695, appium:javascriptEnabled: true, appium:locationContextEnabled: false, appium:networkConnectionEnabled: true, appium:pixelRatio: 3, appium:platformVersion: 8.0.0, appium:statBarHeight: 72, appium:takesScreenshot: true, appium:viewportRect: {height: 1008, left: 0, top: 72, width: 2033}, appium:warnings: {}, appium:webStorageEnabled: false, platformName: ANDROID}
Session ID: ccf556b9-d408-4f82-a5bd-bfaed24932c6">
      <![CDATA[org.openqa.selenium.NoSuchElementException: An element could not be located on the page using the given search parameters.
For documentation on this error, please visit: https://selenium.dev/exceptions/#no_such_element
Build info: version: '4.8.0', revision: '267030adea'
System info: os.name: 'Windows 10', os.arch: 'amd64', os.version: '10.0', java.version: '11.0.17'
Driver info: io.appium.java_client.android.AndroidDriver
Command: [ccf556b9-d408-4f82-a5bd-bfaed24932c6, findElement {using=accessibility id, value=Views}]
Capabilities {appium:app: C:\Users\rrajput\eclipse-wo..., appium:appPackage: io.appium.android.apis, appium:automationName: UIAutomator2, appium:chromedriverExecutable: C:\Users\rrajput\eclipse-wo..., appium:databaseEnabled: false, appium:desired: {app: C:\Users\rrajput\eclipse-wo..., automationName: UIAutomator2, chromedriverExecutable: C:\Users\rrajput\eclipse-wo..., deviceName: HUAWEI LLD-AL10, platformName: android}, appium:deviceApiLevel: 26, appium:deviceManufacturer: HUAWEI, appium:deviceModel: LLD-AL10, appium:deviceName: P8B4C18310011695, appium:deviceScreenDensity: 480, appium:deviceScreenSize: 1080x2160, appium:deviceUDID: P8B4C18310011695, appium:javascriptEnabled: true, appium:locationContextEnabled: false, appium:networkConnectionEnabled: true, appium:pixelRatio: 3, appium:platformVersion: 8.0.0, appium:statBarHeight: 72, appium:takesScreenshot: true, appium:viewportRect: {height: 1008, left: 0, top: 72, width: 2033}, appium:warnings: {}, appium:webStorageEnabled: false, platformName: ANDROID}
Session ID: ccf556b9-d408-4f82-a5bd-bfaed24932c6
at org.openqa.selenium.remote.codec.w3c.W3CHttpResponseCodec.createException(W3CHttpResponseCodec.java:200)
at org.openqa.selenium.remote.codec.w3c.W3CHttpResponseCodec.decode(W3CHttpResponseCodec.java:133)
at org.openqa.selenium.remote.codec.w3c.W3CHttpResponseCodec.decode(W3CHttpResponseCodec.java:53)
at org.openqa.selenium.remote.HttpCommandExecutor.execute(HttpCommandExecutor.java:184)
at io.appium.java_client.remote.AppiumCommandExecutor.execute(AppiumCommandExecutor.java:262)
at org.openqa.selenium.remote.RemoteWebDriver.execute(RemoteWebDriver.java:543)
at org.openqa.selenium.remote.ElementLocation$ElementFinder$2.findElement(ElementLocation.java:162)
at org.openqa.selenium.remote.ElementLocation.findElement(ElementLocation.java:66)
at org.openqa.selenium.remote.RemoteWebDriver.findElement(RemoteWebDriver.java:352)
at org.openqa.selenium.remote.RemoteWebDriver.findElement(RemoteWebDriver.java:344)
at testsPackage.SwipeTest.testSwipe(SwipeTest.java:26)
at java.base/java.util.ArrayList.forEach(ArrayList.java:1541)
... Removed 31 stack frames]]>
    </failure>
  </testcase> <!-- testSwipe -->
  <testcase classname="testsPackage.SwipeTest" name="testSwipeNegativeFAIL" time="6.786">
    <failure type="java.lang.AssertionError" message="expected [true] but found [false]">
      <![CDATA[java.lang.AssertionError: expected [true] but found [false]
at testsPackage.SwipeTest.testSwipeNegativeFAIL(SwipeTest.java:48)
at java.base/java.util.ArrayList.forEach(ArrayList.java:1541)
... Removed 33 stack frames]]>
    </failure>
  </testcase> <!-- testSwipeNegativeFAIL -->
</testsuite> <!-- Swipe Test -->
